2025-06-17 13:45:11 - INFO - Логгирование инициализировано
2025-06-17 13:45:11 - INFO - Запуск приложения
2025-06-17 13:45:11 - INFO - Стиль QSS успешно применен
2025-06-17 13:45:11 - INFO - Инициализация главного окна
2025-06-17 13:45:11 - INFO - Настройка пользовательского интерфейса
2025-06-17 13:45:14 - INFO - Добавлены новые коды ошибок для переключения каналов в config.json
2025-06-17 13:45:14 - INFO - Иконка окна и шрифт установлены
2025-06-17 13:45:14 - INFO - Python разрядность: ('32bit', 'WindowsPE')
2025-06-17 13:45:14 - INFO - Текущий путь к DLL: C:\Users\bymrw\PycharmProjects\Monitor\resources\drivers\GAS.dll
2025-06-17 13:45:14 - INFO - DLL существует: True
2025-06-17 13:45:14 - INFO - Открытие окна в полноэкранном режиме
2025-06-17 13:45:14 - INFO - Запуск главного цикла приложения
2025-06-17 20:07:18 - INFO - Логгирование инициализировано
2025-06-17 20:07:18 - INFO - Запуск приложения
2025-06-17 20:07:18 - INFO - Стиль QSS успешно применен
2025-06-17 20:07:18 - INFO - Инициализация главного окна
2025-06-17 20:07:18 - INFO - Настройка пользовательского интерфейса
2025-06-17 20:07:19 - INFO - Иконка окна и шрифт установлены
2025-06-17 20:07:19 - INFO - Python разрядность: ('32bit', 'WindowsPE')
2025-06-17 20:07:19 - INFO - Текущий путь к DLL: C:\Users\bymrw\PycharmProjects\Monitor\resources\drivers\GAS.dll
2025-06-17 20:07:19 - INFO - DLL существует: True
2025-06-17 20:07:19 - INFO - Открытие окна в полноэкранном режиме
2025-06-17 20:07:19 - INFO - Запуск главного цикла приложения
2025-06-17 20:08:15 - INFO - Логгирование инициализировано
2025-06-17 20:08:15 - INFO - Запуск приложения
2025-06-17 20:08:15 - INFO - Стиль QSS успешно применен
2025-06-17 20:08:15 - INFO - Инициализация главного окна
2025-06-17 20:08:15 - INFO - Настройка пользовательского интерфейса
2025-06-17 20:08:16 - INFO - Иконка окна и шрифт установлены
2025-06-17 20:08:16 - INFO - Python разрядность: ('32bit', 'WindowsPE')
2025-06-17 20:08:16 - INFO - Текущий путь к DLL: C:\Users\bymrw\PycharmProjects\Monitor\resources\drivers\GAS.dll
2025-06-17 20:08:16 - INFO - DLL существует: True
2025-06-17 20:08:16 - INFO - Открытие окна в полноэкранном режиме
2025-06-17 20:08:16 - INFO - Запуск главного цикла приложения
2025-06-17 20:36:19 - INFO - Логгирование инициализировано
2025-06-17 20:36:19 - INFO - Запуск приложения
2025-06-17 20:36:20 - INFO - Стиль QSS успешно применен
2025-06-17 20:36:20 - INFO - Инициализация главного окна
2025-06-17 20:36:20 - INFO - Настройка пользовательского интерфейса
2025-06-17 20:36:22 - INFO - Иконка окна и шрифт установлены
2025-06-17 20:36:22 - INFO - Python разрядность: ('32bit', 'WindowsPE')
2025-06-17 20:36:22 - INFO - Текущий путь к DLL: C:\Users\bymrw\PycharmProjects\Monitor\resources\drivers\GAS.dll
2025-06-17 20:36:22 - INFO - DLL существует: True
2025-06-17 20:36:22 - INFO - Открытие окна в полноэкранном режиме
2025-06-17 20:36:23 - INFO - Запуск главного цикла приложения
2025-06-17 20:45:00 - INFO - Логгирование инициализировано
2025-06-17 20:45:00 - INFO - Запуск приложения
2025-06-17 20:45:00 - INFO - Стиль QSS успешно применен
2025-06-17 20:45:00 - INFO - Инициализация главного окна
2025-06-17 20:45:00 - INFO - Настройка пользовательского интерфейса
2025-06-17 20:45:01 - INFO - Иконка окна и шрифт установлены
2025-06-17 20:45:01 - INFO - Python разрядность: ('32bit', 'WindowsPE')
2025-06-17 20:45:01 - INFO - Текущий путь к DLL: C:\Users\bymrw\PycharmProjects\Monitor\resources\drivers\GAS.dll
2025-06-17 20:45:01 - INFO - DLL существует: True
2025-06-17 20:45:01 - INFO - Открытие окна в полноэкранном режиме
2025-06-17 20:45:01 - INFO - Запуск главного цикла приложения
2025-06-17 20:45:02 - ERROR - Нет соединения ModBus. Необходимо настроить соединение в окне настроек ModBus.
2025-06-17 20:45:06 - INFO - Запускаем поток обычного измерения без ModBus
2025-06-17 20:45:06 - INFO - Запуск обновления графиков
2025-06-17 20:45:06 - INFO - Первый запуск - инициализация
2025-06-17 20:45:25 - INFO - Результат start_func: res=0, warn=64
2025-06-17 20:45:27 - INFO - Результат init_func: res=0, warn=64
2025-06-17 20:45:27 - INFO - Фоновый спектр успешно прочитан
2025-06-17 20:45:27 - INFO - Получены значения концентраций: res=-5, conc=[inf, 25583.361328125, 0.0, 0.0, 0.0, 0.0, 0.0, 0.0, 0.0, 0.0, 0.0, 0.0, 0.0, 0.0, 0.0, 0.0]
2025-06-17 20:45:27 - ERROR - Ошибка получения значений: -5
2025-06-17 20:45:27 - ERROR - Ошибка при обработке данных: cannot join current thread
2025-06-17 20:45:27 - ERROR - Нет соединения ModBus. Необходимо настроить соединение в окне настроек ModBus.
2025-06-17 20:45:58 - INFO - Запускаем поток обычного измерения без ModBus
2025-06-17 20:45:58 - INFO - Запуск обновления графиков
2025-06-17 20:51:38 - INFO - Логгирование инициализировано
2025-06-17 20:51:38 - INFO - Запуск приложения
2025-06-17 20:51:38 - INFO - Стиль QSS успешно применен
2025-06-17 20:51:38 - INFO - Инициализация главного окна
2025-06-17 20:51:38 - INFO - Настройка пользовательского интерфейса
2025-06-17 20:51:38 - INFO - Загружен параметр simulation: 1
2025-06-17 20:51:38 - INFO - Иконка окна и шрифт установлены
2025-06-17 20:51:38 - INFO - Python разрядность: ('32bit', 'WindowsPE')
2025-06-17 20:51:38 - INFO - Текущий путь к DLL: C:\Users\bymrw\PycharmProjects\Monitor\resources\drivers\GAS.dll
2025-06-17 20:51:38 - INFO - DLL существует: True
2025-06-17 20:51:38 - INFO - Открытие окна в полноэкранном режиме
2025-06-17 20:51:39 - INFO - Запуск главного цикла приложения
2025-06-17 20:51:43 - ERROR - Нет соединения ModBus. Необходимо настроить соединение в окне настроек ModBus.
2025-06-17 20:51:53 - ERROR - Нет соединения ModBus. Необходимо настроить соединение в окне настроек ModBus.
2025-06-17 21:02:17 - INFO - Логгирование инициализировано
2025-06-17 21:02:17 - INFO - Запуск приложения
2025-06-17 21:02:17 - INFO - Стиль QSS успешно применен
2025-06-17 21:02:17 - INFO - Инициализация главного окна
2025-06-17 21:02:17 - INFO - Настройка пользовательского интерфейса
2025-06-17 21:02:17 - INFO - Загружен параметр simulation: 1
2025-06-17 21:02:18 - INFO - Иконка окна и шрифт установлены
2025-06-17 21:02:18 - INFO - Python разрядность: ('32bit', 'WindowsPE')
2025-06-17 21:02:18 - INFO - Текущий путь к DLL: C:\Users\bymrw\PycharmProjects\Monitor\resources\drivers\GAS.dll
2025-06-17 21:02:18 - INFO - DLL существует: True
2025-06-17 21:02:18 - INFO - Открытие окна в полноэкранном режиме
2025-06-17 21:02:19 - INFO - Запуск главного цикла приложения
2025-06-17 21:02:20 - ERROR - Нет соединения ModBus. Необходимо настроить соединение в окне настроек ModBus.
2025-06-17 21:04:25 - INFO - Логгирование инициализировано
2025-06-17 21:04:25 - INFO - Запуск приложения
2025-06-17 21:04:25 - INFO - Стиль QSS успешно применен
2025-06-17 21:04:25 - INFO - Инициализация главного окна
2025-06-17 21:04:25 - INFO - Настройка пользовательского интерфейса
2025-06-17 21:04:26 - INFO - Иконка окна и шрифт установлены
2025-06-17 21:04:26 - INFO - Python разрядность: ('32bit', 'WindowsPE')
2025-06-17 21:04:26 - INFO - Текущий путь к DLL: C:\Users\bymrw\PycharmProjects\Monitor\resources\drivers\GAS.dll
2025-06-17 21:04:26 - INFO - DLL существует: True
2025-06-17 21:04:26 - INFO - Открытие окна в полноэкранном режиме
2025-06-17 21:04:26 - INFO - Запуск главного цикла приложения
2025-06-17 21:04:32 - ERROR - Нет соединения ModBus. Необходимо настроить соединение в окне настроек ModBus.
2025-06-17 21:04:33 - INFO - Запускаем поток обычного измерения без ModBus
2025-06-17 21:04:33 - INFO - Запуск обновления графиков
2025-06-17 21:04:33 - INFO - Первый запуск - инициализация
2025-06-17 21:04:53 - INFO - Результат start_func: res=0, warn=64
2025-06-17 21:04:55 - INFO - Результат init_func: res=0, warn=64
2025-06-17 21:04:55 - INFO - Фоновый спектр успешно прочитан
2025-06-17 21:04:55 - INFO - Получены значения концентраций: res=-5, conc=[inf, 25583.361328125, 0.0, 0.0, 0.0, 0.0, 0.0, 0.0, 0.0, 0.0, 0.0, 0.0, 0.0, 0.0, 0.0, 0.0]
2025-06-17 21:04:55 - ERROR - Ошибка получения значений: -5
2025-06-17 21:04:55 - ERROR - Ошибка при обработке данных: cannot join current thread
2025-06-17 21:04:55 - ERROR - Нет соединения ModBus. Необходимо настроить соединение в окне настроек ModBus.
2025-06-17 21:04:56 - INFO - Запускаем поток обычного измерения без ModBus
2025-06-17 21:04:56 - INFO - Запуск обновления графиков
2025-06-17 21:06:51 - INFO - Логгирование инициализировано
2025-06-17 21:06:51 - INFO - Запуск приложения
2025-06-17 21:06:51 - INFO - Стиль QSS успешно применен
2025-06-17 21:06:51 - INFO - Инициализация главного окна
2025-06-17 21:06:51 - INFO - Настройка пользовательского интерфейса
2025-06-17 21:06:52 - INFO - Иконка окна и шрифт установлены
2025-06-17 21:06:52 - INFO - Python разрядность: ('32bit', 'WindowsPE')
2025-06-17 21:06:52 - INFO - Текущий путь к DLL: C:\Users\bymrw\PycharmProjects\Monitor\resources\drivers\GAS.dll
2025-06-17 21:06:52 - INFO - DLL существует: True
2025-06-17 21:06:52 - INFO - Открытие окна в полноэкранном режиме
2025-06-17 21:06:53 - INFO - Запуск главного цикла приложения
2025-06-17 21:06:54 - ERROR - Нет соединения ModBus. Необходимо настроить соединение в окне настроек ModBus.
2025-06-17 21:07:35 - ERROR - Нет соединения ModBus. Необходимо настроить соединение в окне настроек ModBus.
2025-06-17 21:07:37 - ERROR - Нет соединения ModBus. Необходимо настроить соединение в окне настроек ModBus.
2025-06-17 21:08:37 - INFO - Логгирование инициализировано
2025-06-17 21:08:37 - INFO - Запуск приложения
2025-06-17 21:08:37 - INFO - Стиль QSS успешно применен
2025-06-17 21:08:37 - INFO - Инициализация главного окна
2025-06-17 21:08:37 - INFO - Настройка пользовательского интерфейса
2025-06-17 21:08:38 - INFO - Иконка окна и шрифт установлены
2025-06-17 21:08:38 - INFO - Python разрядность: ('32bit', 'WindowsPE')
2025-06-17 21:08:38 - INFO - Текущий путь к DLL: C:\Users\bymrw\PycharmProjects\Monitor\resources\drivers\GAS.dll
2025-06-17 21:08:38 - INFO - DLL существует: True
2025-06-17 21:08:38 - INFO - Открытие окна в полноэкранном режиме
2025-06-17 21:08:38 - INFO - Запуск главного цикла приложения
2025-06-17 21:16:11 - INFO - Логгирование инициализировано
2025-06-17 21:16:11 - INFO - Запуск приложения
2025-06-17 21:16:11 - INFO - Стиль QSS успешно применен
2025-06-17 21:16:11 - INFO - Инициализация главного окна
2025-06-17 21:16:11 - INFO - Настройка пользовательского интерфейса
2025-06-17 21:16:11 - INFO - Загружен параметр simulation: 1
2025-06-17 21:16:12 - INFO - Иконка окна и шрифт установлены
2025-06-17 21:16:12 - INFO - Python разрядность: ('32bit', 'WindowsPE')
2025-06-17 21:16:12 - INFO - Текущий путь к DLL: C:\Users\bymrw\PycharmProjects\Monitor\resources\drivers\GAS.dll
2025-06-17 21:16:12 - INFO - DLL существует: True
2025-06-17 21:16:12 - INFO - Открытие окна в полноэкранном режиме
2025-06-17 21:16:12 - INFO - Запуск главного цикла приложения
2025-06-17 21:16:13 - ERROR - Нет соединения ModBus. Необходимо настроить соединение в окне настроек ModBus.
2025-06-17 21:16:35 - INFO - Логгирование инициализировано
2025-06-17 21:16:35 - INFO - Запуск приложения
2025-06-17 21:16:36 - INFO - Стиль QSS успешно применен
2025-06-17 21:16:36 - INFO - Инициализация главного окна
2025-06-17 21:16:36 - INFO - Настройка пользовательского интерфейса
2025-06-17 21:16:36 - INFO - Загружен параметр simulation: 1
2025-06-17 21:16:37 - INFO - Иконка окна и шрифт установлены
2025-06-17 21:16:37 - INFO - Python разрядность: ('32bit', 'WindowsPE')
2025-06-17 21:16:37 - INFO - Текущий путь к DLL: C:\Users\bymrw\PycharmProjects\Monitor\resources\drivers\GAS.dll
2025-06-17 21:16:37 - INFO - DLL существует: True
2025-06-17 21:16:37 - INFO - Открытие окна в полноэкранном режиме
2025-06-17 21:16:37 - INFO - Запуск главного цикла приложения
2025-06-17 21:16:39 - ERROR - Нет соединения ModBus. Необходимо настроить соединение в окне настроек ModBus.
2025-06-17 21:17:49 - INFO - Логгирование инициализировано
2025-06-17 21:17:49 - INFO - Запуск приложения
2025-06-17 21:17:49 - INFO - Стиль QSS успешно применен
2025-06-17 21:17:49 - INFO - Инициализация главного окна
2025-06-17 21:17:49 - INFO - Настройка пользовательского интерфейса
2025-06-17 21:17:49 - INFO - Загружен параметр simulation: 1
2025-06-17 21:17:50 - INFO - Иконка окна и шрифт установлены
2025-06-17 21:17:50 - INFO - Python разрядность: ('32bit', 'WindowsPE')
2025-06-17 21:17:50 - INFO - Текущий путь к DLL: C:\Users\bymrw\PycharmProjects\Monitor\resources\drivers\GAS.dll
2025-06-17 21:17:50 - INFO - DLL существует: True
2025-06-17 21:17:50 - INFO - Открытие окна в полноэкранном режиме
2025-06-17 21:17:50 - INFO - Запуск главного цикла приложения
2025-06-17 21:17:51 - ERROR - Нет соединения ModBus. Необходимо настроить соединение в окне настроек ModBus.
2025-06-17 21:22:28 - INFO - Логгирование инициализировано
2025-06-17 21:22:28 - INFO - Запуск приложения
2025-06-17 21:22:28 - INFO - Стиль QSS успешно применен
2025-06-17 21:22:28 - INFO - Инициализация главного окна
2025-06-17 21:22:28 - INFO - Настройка пользовательского интерфейса
2025-06-17 21:22:28 - INFO - Загружен параметр simulation: 1
2025-06-17 21:22:28 - INFO - Иконка окна и шрифт установлены
2025-06-17 21:22:28 - INFO - Python разрядность: ('32bit', 'WindowsPE')
2025-06-17 21:22:28 - INFO - Текущий путь к DLL: C:\Users\bymrw\PycharmProjects\Monitor\resources\drivers\GAS.dll
2025-06-17 21:22:28 - INFO - DLL существует: True
2025-06-17 21:22:28 - INFO - Открытие окна в полноэкранном режиме
2025-06-17 21:22:28 - INFO - Запуск главного цикла приложения
2025-06-17 21:22:32 - ERROR - Нет соединения ModBus. Необходимо настроить соединение в окне настроек ModBus.
