2025-06-12 13:23:35 - INFO - Логгирование инициализировано
2025-06-12 13:23:35 - INFO - Запуск приложения
2025-06-12 13:23:36 - INFO - Инициализация главного окна
2025-06-12 13:23:36 - INFO - Настройка пользовательского интерфейса
2025-06-12 13:23:38 - INFO - Иконка окна установлена
2025-06-12 13:23:38 - INFO - Python разрядность: ('64bit', 'WindowsPE')
2025-06-12 13:23:38 - INFO - Текущий путь к DLL: C:\Users\bymrw\PycharmProjects\Monitor\resources\drivers\GAS.dll
2025-06-12 13:23:38 - INFO - DLL существует: True
2025-06-12 13:23:38 - INFO - Открытие окна в полноэкранном режиме
2025-06-12 13:23:39 - INFO - Запуск главного цикла приложения
2025-06-12 13:29:23 - INFO - Логгирование инициализировано
2025-06-12 13:29:23 - INFO - Запуск приложения
2025-06-12 13:29:23 - INFO - Инициализация главного окна
2025-06-12 13:29:23 - INFO - Настройка пользовательского интерфейса
2025-06-12 13:29:24 - INFO - Иконка окна установлена
2025-06-12 13:29:24 - INFO - Python разрядность: ('64bit', 'WindowsPE')
2025-06-12 13:29:24 - INFO - Текущий путь к DLL: C:\Users\bymrw\PycharmProjects\Monitor\resources\drivers\GAS.dll
2025-06-12 13:29:24 - INFO - DLL существует: True
2025-06-12 13:29:24 - INFO - Открытие окна в полноэкранном режиме
2025-06-12 13:29:24 - INFO - Запуск главного цикла приложения
2025-06-12 13:29:50 - INFO - Логгирование инициализировано
2025-06-12 13:29:50 - INFO - Запуск приложения
2025-06-12 13:29:50 - INFO - Инициализация главного окна
2025-06-12 13:29:50 - INFO - Настройка пользовательского интерфейса
2025-06-12 13:29:52 - INFO - Иконка окна установлена
2025-06-12 13:29:52 - INFO - Python разрядность: ('64bit', 'WindowsPE')
2025-06-12 13:29:52 - INFO - Текущий путь к DLL: C:\Users\bymrw\PycharmProjects\Monitor\resources\drivers\GAS.dll
2025-06-12 13:29:52 - INFO - DLL существует: True
2025-06-12 13:29:52 - INFO - Открытие окна в полноэкранном режиме
2025-06-12 13:29:53 - INFO - Запуск главного цикла приложения
2025-06-12 18:34:44 - INFO - Логгирование инициализировано
2025-06-12 18:34:44 - INFO - Запуск приложения
2025-06-12 18:34:44 - INFO - Инициализация главного окна
2025-06-12 18:34:44 - INFO - Настройка пользовательского интерфейса
2025-06-12 18:34:46 - INFO - Иконка окна установлена
2025-06-12 18:34:46 - INFO - Python разрядность: ('64bit', 'WindowsPE')
2025-06-12 18:34:46 - INFO - Текущий путь к DLL: C:\Users\bymrw\PycharmProjects\Monitor\resources\drivers\GAS.dll
2025-06-12 18:34:46 - INFO - DLL существует: True
2025-06-12 18:34:46 - INFO - Открытие окна в полноэкранном режиме
2025-06-12 18:34:46 - INFO - Запуск главного цикла приложения
2025-06-12 18:39:15 - INFO - Запуск обновления графиков
2025-06-12 18:39:15 - INFO - Первый запуск - инициализация
2025-06-12 18:40:53 - INFO - Запуск обновления графиков
2025-06-12 18:40:53 - INFO - Первый запуск - инициализация
2025-06-12 18:57:21 - INFO - Логгирование инициализировано
2025-06-12 18:57:21 - INFO - Запуск приложения
2025-06-12 18:57:21 - INFO - Инициализация главного окна
2025-06-12 18:57:21 - INFO - Настройка пользовательского интерфейса
2025-06-12 18:57:22 - INFO - Иконка окна установлена
2025-06-12 18:57:22 - INFO - Python разрядность: ('64bit', 'WindowsPE')
2025-06-12 18:57:22 - INFO - Текущий путь к DLL: C:\Users\bymrw\PycharmProjects\Monitor\resources\drivers\GAS.dll
2025-06-12 18:57:22 - INFO - DLL существует: True
2025-06-12 18:57:22 - INFO - Открытие окна в полноэкранном режиме
2025-06-12 18:57:22 - INFO - Запуск главного цикла приложения
2025-06-12 18:58:52 - INFO - Логгирование инициализировано
2025-06-12 18:58:52 - INFO - Запуск приложения
2025-06-12 18:58:52 - INFO - Инициализация главного окна
2025-06-12 18:58:52 - INFO - Настройка пользовательского интерфейса
2025-06-12 18:58:53 - INFO - Иконка окна установлена
2025-06-12 18:58:53 - INFO - Python разрядность: ('64bit', 'WindowsPE')
2025-06-12 18:58:53 - INFO - Текущий путь к DLL: C:\Users\bymrw\PycharmProjects\Monitor\resources\drivers\GAS.dll
2025-06-12 18:58:53 - INFO - DLL существует: True
2025-06-12 18:58:53 - INFO - Открытие окна в полноэкранном режиме
2025-06-12 18:58:53 - INFO - Запуск главного цикла приложения
2025-06-12 19:00:04 - INFO - Логгирование инициализировано
2025-06-12 19:00:04 - INFO - Запуск приложения
2025-06-12 19:00:04 - INFO - Инициализация главного окна
2025-06-12 19:00:04 - INFO - Настройка пользовательского интерфейса
2025-06-12 19:00:05 - INFO - Иконка окна установлена
2025-06-12 19:00:05 - INFO - Python разрядность: ('64bit', 'WindowsPE')
2025-06-12 19:00:05 - INFO - Текущий путь к DLL: C:\Users\bymrw\PycharmProjects\Monitor\resources\drivers\GAS.dll
2025-06-12 19:00:05 - INFO - DLL существует: True
2025-06-12 19:00:05 - INFO - Открытие окна в полноэкранном режиме
2025-06-12 19:00:05 - INFO - Запуск главного цикла приложения
2025-06-12 19:21:47 - INFO - Логгирование инициализировано
2025-06-12 19:21:47 - INFO - Запуск приложения
2025-06-12 19:21:47 - INFO - Инициализация главного окна
2025-06-12 19:21:47 - INFO - Настройка пользовательского интерфейса
2025-06-12 19:21:48 - INFO - Иконка окна установлена
2025-06-12 19:21:48 - INFO - Python разрядность: ('64bit', 'WindowsPE')
2025-06-12 19:21:48 - INFO - Текущий путь к DLL: C:\Users\bymrw\PycharmProjects\Monitor\resources\drivers\GAS.dll
2025-06-12 19:21:48 - INFO - DLL существует: True
2025-06-12 19:21:48 - INFO - Открытие окна в полноэкранном режиме
2025-06-12 19:21:48 - INFO - Запуск главного цикла приложения
2025-06-12 19:23:55 - INFO - Логгирование инициализировано
2025-06-12 19:23:55 - INFO - Запуск приложения
2025-06-12 19:23:55 - INFO - Инициализация главного окна
2025-06-12 19:23:55 - INFO - Настройка пользовательского интерфейса
2025-06-12 19:23:56 - INFO - Иконка окна установлена
2025-06-12 19:23:56 - INFO - Python разрядность: ('64bit', 'WindowsPE')
2025-06-12 19:23:56 - INFO - Текущий путь к DLL: C:\Users\bymrw\PycharmProjects\Monitor\resources\drivers\GAS.dll
2025-06-12 19:23:56 - INFO - DLL существует: True
2025-06-12 19:23:56 - INFO - Открытие окна в полноэкранном режиме
2025-06-12 19:23:56 - INFO - Запуск главного цикла приложения
2025-06-12 19:36:18 - INFO - Логгирование инициализировано
2025-06-12 19:36:18 - INFO - Запуск приложения
2025-06-12 19:36:18 - INFO - Инициализация главного окна
2025-06-12 19:36:18 - INFO - Настройка пользовательского интерфейса
2025-06-12 19:36:18 - INFO - Иконка окна установлена
2025-06-12 19:36:18 - INFO - Python разрядность: ('64bit', 'WindowsPE')
2025-06-12 19:36:18 - INFO - Текущий путь к DLL: C:\Users\bymrw\PycharmProjects\Monitor\resources\drivers\GAS.dll
2025-06-12 19:36:18 - INFO - DLL существует: True
2025-06-12 19:36:18 - INFO - Открытие окна в полноэкранном режиме
2025-06-12 19:36:19 - INFO - Запуск главного цикла приложения
2025-06-12 19:41:17 - INFO - Логгирование инициализировано
2025-06-12 19:41:17 - INFO - Запуск приложения
2025-06-12 19:41:17 - INFO - Инициализация главного окна
2025-06-12 19:41:17 - INFO - Настройка пользовательского интерфейса
2025-06-12 19:41:18 - INFO - Иконка окна установлена
2025-06-12 19:41:18 - INFO - Python разрядность: ('64bit', 'WindowsPE')
2025-06-12 19:41:18 - INFO - Текущий путь к DLL: C:\Users\bymrw\PycharmProjects\Monitor\resources\drivers\GAS.dll
2025-06-12 19:41:18 - INFO - DLL существует: True
2025-06-12 19:41:18 - INFO - Открытие окна в полноэкранном режиме
2025-06-12 19:41:18 - INFO - Запуск главного цикла приложения
2025-06-12 19:48:20 - INFO - Логгирование инициализировано
2025-06-12 19:48:20 - INFO - Запуск приложения
2025-06-12 19:48:20 - INFO - Инициализация главного окна
2025-06-12 19:48:20 - INFO - Настройка пользовательского интерфейса
2025-06-12 19:48:20 - INFO - Иконка окна установлена
2025-06-12 19:48:20 - INFO - Python разрядность: ('64bit', 'WindowsPE')
2025-06-12 19:48:20 - INFO - Текущий путь к DLL: C:\Users\bymrw\PycharmProjects\Monitor\resources\drivers\GAS.dll
2025-06-12 19:48:20 - INFO - DLL существует: True
2025-06-12 19:48:20 - INFO - Открытие окна в полноэкранном режиме
2025-06-12 19:48:21 - INFO - Запуск главного цикла приложения
2025-06-12 20:24:48 - INFO - Логгирование инициализировано
2025-06-12 20:24:48 - INFO - Запуск приложения
2025-06-12 20:24:48 - INFO - Инициализация главного окна
2025-06-12 20:24:48 - INFO - Настройка пользовательского интерфейса
2025-06-12 20:24:48 - INFO - Добавлены новые коды ошибок для переключения каналов в config.json
2025-06-12 20:24:48 - INFO - Иконка окна установлена
2025-06-12 20:24:48 - INFO - Python разрядность: ('64bit', 'WindowsPE')
2025-06-12 20:24:48 - INFO - Текущий путь к DLL: C:\Users\bymrw\PycharmProjects\Monitor\resources\drivers\GAS.dll
2025-06-12 20:24:48 - INFO - DLL существует: True
2025-06-12 20:24:48 - INFO - Открытие окна в полноэкранном режиме
2025-06-12 20:24:48 - INFO - Запуск главного цикла приложения
2025-06-12 20:24:51 - WARNING - Запуск измерения без соединения с ModBus
2025-06-12 20:24:51 - INFO - Запуск потока измерения по каналам
2025-06-12 20:24:51 - INFO - Начало измерений для канала 1
2025-06-12 20:24:51 - INFO - Измерение 1/5 для канала 1
2025-06-12 20:24:51 - INFO - Первый запуск - инициализация
2025-06-12 20:24:51 - ERROR - Ошибка в потоке измерения каналов: cannot unpack non-iterable NoneType object
