2025-06-14 14:10:37 - INFO - Логгирование инициализировано
2025-06-14 14:10:37 - INFO - Запуск приложения
2025-06-14 14:10:37 - INFO - Инициализация главного окна
2025-06-14 14:10:37 - INFO - Настройка пользовательского интерфейса
2025-06-14 14:10:39 - INFO - Иконка окна установлена
2025-06-14 14:10:39 - INFO - Python разрядность: ('32bit', 'WindowsPE')
2025-06-14 14:10:39 - INFO - Текущий путь к DLL: C:\Users\bymrw\PycharmProjects\Monitor\resources\drivers\GAS.dll
2025-06-14 14:10:39 - INFO - DLL существует: True
2025-06-14 14:10:39 - INFO - Открытие окна в полноэкранном режиме
2025-06-14 14:10:39 - INFO - Запуск главного цикла приложения
2025-06-14 14:12:38 - INFO - Логгирование инициализировано
2025-06-14 14:12:38 - INFO - Запуск приложения
2025-06-14 14:12:38 - INFO - Инициализация главного окна
2025-06-14 14:12:38 - INFO - Настройка пользовательского интерфейса
2025-06-14 14:12:38 - INFO - Иконка окна установлена
2025-06-14 14:12:38 - INFO - Python разрядность: ('32bit', 'WindowsPE')
2025-06-14 14:12:38 - INFO - Текущий путь к DLL: C:\Users\bymrw\PycharmProjects\Monitor\resources\drivers\GAS.dll
2025-06-14 14:12:38 - INFO - DLL существует: True
2025-06-14 14:12:38 - INFO - Открытие окна в полноэкранном режиме
2025-06-14 14:12:38 - INFO - Запуск главного цикла приложения
2025-06-14 14:12:45 - WARNING - Запуск измерения без соединения с ModBus
2025-06-14 14:12:45 - INFO - Запуск потока измерения по каналам
2025-06-14 14:12:45 - INFO - Начало измерений для канала 1
2025-06-14 14:12:45 - INFO - Измерение 1/5 для канала 1
2025-06-14 14:12:45 - INFO - Первый запуск - инициализация
2025-06-14 14:12:45 - ERROR - Ошибка в потоке измерения каналов: cannot unpack non-iterable NoneType object
2025-06-14 14:12:47 - WARNING - Запуск измерения без соединения с ModBus
2025-06-14 14:12:47 - INFO - Запуск потока измерения по каналам
2025-06-14 14:12:47 - INFO - Завершение потока измерения по каналам
2025-06-14 14:12:50 - WARNING - Запуск измерения без соединения с ModBus
2025-06-14 14:12:50 - INFO - Запуск потока измерения по каналам
2025-06-14 14:12:50 - INFO - Завершение потока измерения по каналам
2025-06-14 14:12:51 - WARNING - Запуск измерения без соединения с ModBus
2025-06-14 14:12:51 - INFO - Запуск потока измерения по каналам
2025-06-14 14:12:51 - INFO - Начало измерений для канала 1
2025-06-14 14:12:51 - INFO - Измерение 1/5 для канала 1
2025-06-14 14:12:51 - INFO - Первый запуск - инициализация
2025-06-14 14:12:51 - ERROR - Ошибка в потоке измерения каналов: cannot unpack non-iterable NoneType object
2025-06-14 14:25:57 - INFO - Логгирование инициализировано
2025-06-14 14:25:57 - INFO - Запуск приложения
2025-06-14 14:25:57 - INFO - Инициализация главного окна
2025-06-14 14:25:57 - INFO - Настройка пользовательского интерфейса
2025-06-14 14:25:58 - INFO - Иконка окна установлена
2025-06-14 14:25:58 - INFO - Python разрядность: ('32bit', 'WindowsPE')
2025-06-14 14:25:58 - INFO - Текущий путь к DLL: C:\Users\bymrw\PycharmProjects\Monitor\resources\drivers\GAS.dll
2025-06-14 14:25:58 - INFO - DLL существует: True
2025-06-14 14:25:58 - INFO - Открытие окна в полноэкранном режиме
2025-06-14 14:25:58 - INFO - Запуск главного цикла приложения
2025-06-14 14:28:09 - INFO - Логгирование инициализировано
2025-06-14 14:28:09 - INFO - Запуск приложения
2025-06-14 14:28:09 - INFO - Инициализация главного окна
2025-06-14 14:28:09 - INFO - Настройка пользовательского интерфейса
2025-06-14 14:28:10 - INFO - Иконка окна установлена
2025-06-14 14:28:10 - INFO - Python разрядность: ('32bit', 'WindowsPE')
2025-06-14 14:28:10 - INFO - Текущий путь к DLL: C:\Users\bymrw\PycharmProjects\Monitor\resources\drivers\GAS.dll
2025-06-14 14:28:10 - INFO - DLL существует: True
2025-06-14 14:28:10 - INFO - Открытие окна в полноэкранном режиме
2025-06-14 14:28:10 - INFO - Запуск главного цикла приложения
2025-06-14 14:28:46 - INFO - Логгирование инициализировано
2025-06-14 14:28:46 - INFO - Запуск приложения
2025-06-14 14:28:46 - INFO - Инициализация главного окна
2025-06-14 14:28:46 - INFO - Настройка пользовательского интерфейса
2025-06-14 14:28:46 - INFO - Иконка окна установлена
2025-06-14 14:28:46 - INFO - Python разрядность: ('32bit', 'WindowsPE')
2025-06-14 14:28:46 - INFO - Текущий путь к DLL: C:\Users\bymrw\PycharmProjects\Monitor\resources\drivers\GAS.dll
2025-06-14 14:28:46 - INFO - DLL существует: True
2025-06-14 14:28:46 - INFO - Открытие окна в полноэкранном режиме
2025-06-14 14:28:46 - INFO - Запуск главного цикла приложения
2025-06-14 14:43:22 - INFO - Логгирование инициализировано
2025-06-14 14:43:22 - INFO - Запуск приложения
2025-06-14 14:43:22 - INFO - Инициализация главного окна
2025-06-14 14:43:22 - INFO - Настройка пользовательского интерфейса
2025-06-14 14:43:23 - INFO - Иконка окна установлена
2025-06-14 14:43:23 - INFO - Python разрядность: ('32bit', 'WindowsPE')
2025-06-14 14:43:23 - INFO - Текущий путь к DLL: C:\Users\bymrw\PycharmProjects\Monitor\resources\drivers\GAS.dll
2025-06-14 14:43:23 - INFO - DLL существует: True
2025-06-14 14:43:23 - INFO - Открытие окна в полноэкранном режиме
2025-06-14 14:43:23 - INFO - Запуск главного цикла приложения
