2025-06-05 22:12:55 - INFO - Логгирование инициализировано
2025-06-05 22:12:55 - INFO - Запуск приложения
2025-06-05 22:12:56 - INFO - Инициализация главного окна
2025-06-05 22:12:56 - INFO - Настройка пользовательского интерфейса
2025-06-05 22:12:58 - INFO - Иконка окна установлена
2025-06-05 22:12:58 - INFO - Python разрядность: ('64bit', 'WindowsPE')
2025-06-05 22:12:58 - INFO - Текущий путь к DLL: C:\Users\bymrw\PycharmProjects\Monitor\resources\drivers\GAS.dll
2025-06-05 22:12:58 - INFO - DLL существует: True
2025-06-05 22:12:58 - INFO - Открытие окна в полноэкранном режиме
2025-06-05 22:12:59 - INFO - Запуск главного цикла приложения
2025-06-05 22:18:35 - INFO - Начало установки фиксированного фона
2025-06-05 22:18:35 - ERROR - Ошибка при установке фиксированного фона: cannot unpack non-iterable NoneType object
2025-06-05 22:18:35 - INFO - Установка фиксированного фона завершена
2025-06-05 22:18:40 - INFO - Запуск обновления графиков
2025-06-05 22:18:40 - INFO - Первый запуск - инициализация
2025-06-05 22:18:43 - INFO - Запуск обновления графиков
2025-06-05 22:18:43 - INFO - Первый запуск - инициализация
2025-06-05 22:20:47 - INFO - Логгирование инициализировано
2025-06-05 22:20:47 - INFO - Запуск приложения
2025-06-05 22:20:47 - INFO - Инициализация главного окна
2025-06-05 22:20:47 - INFO - Настройка пользовательского интерфейса
2025-06-05 22:20:48 - INFO - Иконка окна установлена
2025-06-05 22:20:48 - INFO - Python разрядность: ('64bit', 'WindowsPE')
2025-06-05 22:20:48 - INFO - Текущий путь к DLL: C:\Users\bymrw\PycharmProjects\Monitor\resources\drivers\GAS.dll
2025-06-05 22:20:48 - INFO - DLL существует: True
2025-06-05 22:20:48 - INFO - Открытие окна в полноэкранном режиме
2025-06-05 22:20:48 - INFO - Запуск главного цикла приложения
2025-06-05 22:21:39 - INFO - Логгирование инициализировано
2025-06-05 22:21:39 - INFO - Запуск приложения
2025-06-05 22:21:39 - INFO - Инициализация главного окна
2025-06-05 22:21:39 - INFO - Настройка пользовательского интерфейса
2025-06-05 22:21:40 - INFO - Иконка окна установлена
2025-06-05 22:21:40 - INFO - Python разрядность: ('64bit', 'WindowsPE')
2025-06-05 22:21:40 - INFO - Текущий путь к DLL: C:\Users\bymrw\PycharmProjects\Monitor\resources\drivers\GAS.dll
2025-06-05 22:21:40 - INFO - DLL существует: True
2025-06-05 22:21:40 - INFO - Открытие окна в полноэкранном режиме
2025-06-05 22:21:41 - INFO - Запуск главного цикла приложения
2025-06-05 22:22:10 - INFO - Логгирование инициализировано
2025-06-05 22:22:10 - INFO - Запуск приложения
2025-06-05 22:22:10 - INFO - Инициализация главного окна
2025-06-05 22:22:10 - INFO - Настройка пользовательского интерфейса
2025-06-05 22:22:13 - INFO - Иконка окна установлена
2025-06-05 22:22:13 - INFO - Python разрядность: ('64bit', 'WindowsPE')
2025-06-05 22:22:13 - INFO - Текущий путь к DLL: C:\Users\bymrw\PycharmProjects\Monitor\resources\drivers\GAS.dll
2025-06-05 22:22:13 - INFO - DLL существует: True
2025-06-05 22:22:13 - INFO - Открытие окна в полноэкранном режиме
2025-06-05 22:22:13 - INFO - Запуск главного цикла приложения
2025-06-05 22:22:18 - INFO - Запуск обновления графиков
2025-06-05 22:22:18 - INFO - Первый запуск - инициализация
2025-06-05 22:22:19 - INFO - Запуск обновления графиков
2025-06-05 22:22:19 - INFO - Первый запуск - инициализация
2025-06-05 22:22:56 - INFO - Логгирование инициализировано
2025-06-05 22:22:56 - INFO - Запуск приложения
2025-06-05 22:22:56 - INFO - Инициализация главного окна
2025-06-05 22:22:56 - INFO - Настройка пользовательского интерфейса
2025-06-05 22:22:58 - INFO - Иконка окна установлена
2025-06-05 22:22:58 - INFO - Python разрядность: ('64bit', 'WindowsPE')
2025-06-05 22:22:58 - INFO - Текущий путь к DLL: C:\Users\bymrw\PycharmProjects\Monitor\resources\drivers\GAS.dll
2025-06-05 22:22:58 - INFO - DLL существует: True
2025-06-05 22:22:58 - INFO - Открытие окна в полноэкранном режиме
2025-06-05 22:22:58 - INFO - Запуск главного цикла приложения
2025-06-05 22:24:02 - INFO - Логгирование инициализировано
2025-06-05 22:24:02 - INFO - Запуск приложения
2025-06-05 22:24:02 - INFO - Инициализация главного окна
2025-06-05 22:24:02 - INFO - Настройка пользовательского интерфейса
2025-06-05 22:24:05 - INFO - Иконка окна установлена
2025-06-05 22:24:05 - INFO - Python разрядность: ('64bit', 'WindowsPE')
2025-06-05 22:24:05 - INFO - Текущий путь к DLL: C:\Users\bymrw\PycharmProjects\Monitor\resources\drivers\GAS.dll
2025-06-05 22:24:05 - INFO - DLL существует: True
2025-06-05 22:24:05 - INFO - Открытие окна в полноэкранном режиме
2025-06-05 22:24:05 - INFO - Запуск главного цикла приложения
2025-06-05 22:24:57 - INFO - Логгирование инициализировано
2025-06-05 22:24:57 - INFO - Запуск приложения
2025-06-05 22:24:57 - INFO - Инициализация главного окна
2025-06-05 22:24:57 - INFO - Настройка пользовательского интерфейса
2025-06-05 22:24:59 - INFO - Иконка окна установлена
2025-06-05 22:24:59 - INFO - Python разрядность: ('64bit', 'WindowsPE')
2025-06-05 22:24:59 - INFO - Текущий путь к DLL: C:\Users\bymrw\PycharmProjects\Monitor\resources\drivers\GAS.dll
2025-06-05 22:24:59 - INFO - DLL существует: True
2025-06-05 22:24:59 - INFO - Открытие окна в полноэкранном режиме
2025-06-05 22:25:00 - INFO - Запуск главного цикла приложения
2025-06-05 22:25:11 - INFO - Логгирование инициализировано
2025-06-05 22:25:11 - INFO - Запуск приложения
2025-06-05 22:25:12 - INFO - Инициализация главного окна
2025-06-05 22:25:12 - INFO - Настройка пользовательского интерфейса
2025-06-05 22:25:14 - INFO - Иконка окна установлена
2025-06-05 22:25:14 - INFO - Python разрядность: ('64bit', 'WindowsPE')
2025-06-05 22:25:14 - INFO - Текущий путь к DLL: C:\Users\bymrw\PycharmProjects\Monitor\resources\drivers\GAS.dll
2025-06-05 22:25:14 - INFO - DLL существует: True
2025-06-05 22:25:14 - INFO - Открытие окна в полноэкранном режиме
2025-06-05 22:25:14 - INFO - Запуск главного цикла приложения
2025-06-05 22:30:16 - INFO - Логгирование инициализировано
2025-06-05 22:30:16 - INFO - Запуск приложения
2025-06-05 22:30:16 - INFO - Инициализация главного окна
2025-06-05 22:30:16 - INFO - Настройка пользовательского интерфейса
2025-06-05 22:30:17 - INFO - Иконка окна установлена
2025-06-05 22:30:17 - INFO - Python разрядность: ('64bit', 'WindowsPE')
2025-06-05 22:30:17 - INFO - Текущий путь к DLL: C:\Users\bymrw\PycharmProjects\Monitor\resources\drivers\GAS.dll
2025-06-05 22:30:17 - INFO - DLL существует: True
2025-06-05 22:30:17 - INFO - Открытие окна в полноэкранном режиме
2025-06-05 22:30:17 - INFO - Запуск главного цикла приложения
