2025-06-18 11:50:52 - INFO - Логгирование инициализировано
2025-06-18 11:50:52 - INFO - Запуск приложения
2025-06-18 11:50:52 - INFO - Стиль QSS успешно применен
2025-06-18 11:50:52 - INFO - Инициализация главного окна
2025-06-18 11:50:52 - INFO - Настройка пользовательского интерфейса
2025-06-18 11:50:55 - INFO - Иконка окна и шрифт установлены
2025-06-18 11:50:55 - INFO - Python разрядность: ('32bit', 'WindowsPE')
2025-06-18 11:50:55 - INFO - Текущий путь к DLL: C:\Users\bymrw\PycharmProjects\Monitor\resources\drivers\GAS.dll
2025-06-18 11:50:55 - INFO - DLL существует: True
2025-06-18 11:50:55 - INFO - Открытие окна в полноэкранном режиме
2025-06-18 11:50:55 - INFO - Запуск главного цикла приложения
2025-06-18 11:52:58 - INFO - Логгирование инициализировано
2025-06-18 11:52:58 - INFO - Запуск приложения
2025-06-18 11:52:58 - INFO - Стиль QSS успешно применен
2025-06-18 11:52:58 - INFO - Инициализация главного окна
2025-06-18 11:52:58 - INFO - Настройка пользовательского интерфейса
2025-06-18 11:52:59 - INFO - Иконка окна и шрифт установлены
2025-06-18 11:52:59 - INFO - Python разрядность: ('32bit', 'WindowsPE')
2025-06-18 11:52:59 - INFO - Текущий путь к DLL: C:\Users\bymrw\PycharmProjects\Monitor\resources\drivers\GAS.dll
2025-06-18 11:52:59 - INFO - DLL существует: True
2025-06-18 11:52:59 - INFO - Открытие окна в полноэкранном режиме
2025-06-18 11:53:00 - INFO - Запуск главного цикла приложения
2025-06-18 11:53:35 - INFO - Логгирование инициализировано
2025-06-18 11:53:35 - INFO - Запуск приложения
2025-06-18 11:53:35 - INFO - Стиль QSS успешно применен
2025-06-18 11:53:35 - INFO - Инициализация главного окна
2025-06-18 11:53:35 - INFO - Настройка пользовательского интерфейса
2025-06-18 11:53:36 - INFO - Иконка окна и шрифт установлены
2025-06-18 11:53:36 - INFO - Python разрядность: ('32bit', 'WindowsPE')
2025-06-18 11:53:36 - INFO - Текущий путь к DLL: C:\Users\bymrw\PycharmProjects\Monitor\resources\drivers\GAS.dll
2025-06-18 11:53:36 - INFO - DLL существует: True
2025-06-18 11:53:36 - INFO - Открытие окна в полноэкранном режиме
2025-06-18 11:53:37 - INFO - Запуск главного цикла приложения
2025-06-18 11:54:16 - INFO - Логгирование инициализировано
2025-06-18 11:54:16 - INFO - Запуск приложения
2025-06-18 11:54:16 - INFO - Стиль QSS успешно применен
2025-06-18 11:54:16 - INFO - Инициализация главного окна
2025-06-18 11:54:16 - INFO - Настройка пользовательского интерфейса
2025-06-18 11:54:17 - INFO - Иконка окна и шрифт установлены
2025-06-18 11:54:17 - INFO - Python разрядность: ('32bit', 'WindowsPE')
2025-06-18 11:54:17 - INFO - Текущий путь к DLL: C:\Users\bymrw\PycharmProjects\Monitor\resources\drivers\GAS.dll
2025-06-18 11:54:17 - INFO - DLL существует: True
2025-06-18 11:54:17 - INFO - Открытие окна в полноэкранном режиме
2025-06-18 11:54:17 - INFO - Запуск главного цикла приложения
2025-06-18 11:55:03 - INFO - Логгирование инициализировано
2025-06-18 11:55:03 - INFO - Запуск приложения
2025-06-18 11:55:03 - INFO - Стиль QSS успешно применен
2025-06-18 11:55:03 - INFO - Инициализация главного окна
2025-06-18 11:55:03 - INFO - Настройка пользовательского интерфейса
2025-06-18 11:55:04 - INFO - Иконка окна и шрифт установлены
2025-06-18 11:55:04 - INFO - Python разрядность: ('32bit', 'WindowsPE')
2025-06-18 11:55:04 - INFO - Текущий путь к DLL: C:\Users\bymrw\PycharmProjects\Monitor\resources\drivers\GAS.dll
2025-06-18 11:55:04 - INFO - DLL существует: True
2025-06-18 11:55:04 - INFO - Открытие окна в полноэкранном режиме
2025-06-18 11:55:04 - INFO - Запуск главного цикла приложения
2025-06-18 11:55:31 - INFO - Логгирование инициализировано
2025-06-18 11:55:31 - INFO - Запуск приложения
2025-06-18 11:55:31 - INFO - Стиль QSS успешно применен
2025-06-18 11:55:31 - INFO - Инициализация главного окна
2025-06-18 11:55:31 - INFO - Настройка пользовательского интерфейса
2025-06-18 11:55:32 - INFO - Иконка окна и шрифт установлены
2025-06-18 11:55:32 - INFO - Python разрядность: ('32bit', 'WindowsPE')
2025-06-18 11:55:32 - INFO - Текущий путь к DLL: C:\Users\bymrw\PycharmProjects\Monitor\resources\drivers\GAS.dll
2025-06-18 11:55:32 - INFO - DLL существует: True
2025-06-18 11:55:32 - INFO - Открытие окна в полноэкранном режиме
2025-06-18 11:55:33 - INFO - Запуск главного цикла приложения
2025-06-18 11:55:57 - INFO - Логгирование инициализировано
2025-06-18 11:55:57 - INFO - Запуск приложения
2025-06-18 11:55:57 - INFO - Стиль QSS успешно применен
2025-06-18 11:55:57 - INFO - Инициализация главного окна
2025-06-18 11:55:57 - INFO - Настройка пользовательского интерфейса
2025-06-18 11:55:59 - INFO - Иконка окна и шрифт установлены
2025-06-18 11:55:59 - INFO - Python разрядность: ('32bit', 'WindowsPE')
2025-06-18 11:55:59 - INFO - Текущий путь к DLL: C:\Users\bymrw\PycharmProjects\Monitor\resources\drivers\GAS.dll
2025-06-18 11:55:59 - INFO - DLL существует: True
2025-06-18 11:55:59 - INFO - Открытие окна в полноэкранном режиме
2025-06-18 11:55:59 - INFO - Запуск главного цикла приложения
2025-06-18 11:56:44 - INFO - Логгирование инициализировано
2025-06-18 11:56:44 - INFO - Запуск приложения
2025-06-18 11:56:44 - INFO - Стиль QSS успешно применен
2025-06-18 11:56:44 - INFO - Инициализация главного окна
2025-06-18 11:56:44 - INFO - Настройка пользовательского интерфейса
2025-06-18 11:56:45 - INFO - Иконка окна и шрифт установлены
2025-06-18 11:56:45 - INFO - Python разрядность: ('32bit', 'WindowsPE')
2025-06-18 11:56:45 - INFO - Текущий путь к DLL: C:\Users\bymrw\PycharmProjects\Monitor\resources\drivers\GAS.dll
2025-06-18 11:56:45 - INFO - DLL существует: True
2025-06-18 11:56:45 - INFO - Открытие окна в полноэкранном режиме
2025-06-18 11:56:45 - INFO - Запуск главного цикла приложения
2025-06-18 12:01:27 - INFO - Логгирование инициализировано
2025-06-18 12:01:27 - INFO - Запуск приложения
2025-06-18 12:01:27 - INFO - Стиль QSS успешно применен
2025-06-18 12:01:27 - INFO - Инициализация главного окна
2025-06-18 12:01:27 - INFO - Настройка пользовательского интерфейса
2025-06-18 12:01:28 - INFO - Иконка окна и шрифт установлены
2025-06-18 12:01:28 - INFO - Python разрядность: ('32bit', 'WindowsPE')
2025-06-18 12:01:28 - INFO - Текущий путь к DLL: C:\Users\bymrw\PycharmProjects\Monitor\resources\drivers\GAS.dll
2025-06-18 12:01:28 - INFO - DLL существует: True
2025-06-18 12:01:28 - INFO - Открытие окна в полноэкранном режиме
2025-06-18 12:01:28 - INFO - Запуск главного цикла приложения
2025-06-18 12:03:32 - INFO - Логгирование инициализировано
2025-06-18 12:03:32 - INFO - Запуск приложения
2025-06-18 12:03:32 - INFO - Стиль QSS успешно применен
2025-06-18 12:03:32 - INFO - Инициализация главного окна
2025-06-18 12:03:32 - INFO - Настройка пользовательского интерфейса
2025-06-18 12:03:33 - CRITICAL - Критическая ошибка при запуске приложения: setText(self, a0: Optional[str]): argument 1 has unexpected type 'float'
2025-06-18 12:04:06 - INFO - Логгирование инициализировано
2025-06-18 12:04:06 - INFO - Запуск приложения
2025-06-18 12:04:06 - INFO - Стиль QSS успешно применен
2025-06-18 12:04:06 - INFO - Инициализация главного окна
2025-06-18 12:04:06 - INFO - Настройка пользовательского интерфейса
2025-06-18 12:04:08 - INFO - Иконка окна и шрифт установлены
2025-06-18 12:04:08 - INFO - Python разрядность: ('32bit', 'WindowsPE')
2025-06-18 12:04:08 - INFO - Текущий путь к DLL: C:\Users\bymrw\PycharmProjects\Monitor\resources\drivers\GAS.dll
2025-06-18 12:04:08 - INFO - DLL существует: True
2025-06-18 12:04:08 - INFO - Открытие окна в полноэкранном режиме
2025-06-18 12:04:08 - INFO - Запуск главного цикла приложения
2025-06-18 12:04:36 - INFO - Логгирование инициализировано
2025-06-18 12:04:36 - INFO - Запуск приложения
2025-06-18 12:04:36 - INFO - Стиль QSS успешно применен
2025-06-18 12:04:36 - INFO - Инициализация главного окна
2025-06-18 12:04:36 - INFO - Настройка пользовательского интерфейса
2025-06-18 12:04:37 - INFO - Иконка окна и шрифт установлены
2025-06-18 12:04:37 - INFO - Python разрядность: ('32bit', 'WindowsPE')
2025-06-18 12:04:37 - INFO - Текущий путь к DLL: C:\Users\bymrw\PycharmProjects\Monitor\resources\drivers\GAS.dll
2025-06-18 12:04:37 - INFO - DLL существует: True
2025-06-18 12:04:37 - INFO - Открытие окна в полноэкранном режиме
2025-06-18 12:04:37 - INFO - Запуск главного цикла приложения
2025-06-18 12:04:49 - INFO - Логгирование инициализировано
2025-06-18 12:04:49 - INFO - Запуск приложения
2025-06-18 12:04:49 - INFO - Стиль QSS успешно применен
2025-06-18 12:04:49 - INFO - Инициализация главного окна
2025-06-18 12:04:49 - INFO - Настройка пользовательского интерфейса
2025-06-18 12:04:50 - INFO - Иконка окна и шрифт установлены
2025-06-18 12:04:50 - INFO - Python разрядность: ('32bit', 'WindowsPE')
2025-06-18 12:04:50 - INFO - Текущий путь к DLL: C:\Users\bymrw\PycharmProjects\Monitor\resources\drivers\GAS.dll
2025-06-18 12:04:50 - INFO - DLL существует: True
2025-06-18 12:04:50 - INFO - Открытие окна в полноэкранном режиме
2025-06-18 12:04:50 - INFO - Запуск главного цикла приложения
2025-06-18 12:05:13 - INFO - Логгирование инициализировано
2025-06-18 12:05:13 - INFO - Запуск приложения
2025-06-18 12:05:13 - INFO - Стиль QSS успешно применен
2025-06-18 12:05:13 - INFO - Инициализация главного окна
2025-06-18 12:05:13 - INFO - Настройка пользовательского интерфейса
2025-06-18 12:05:14 - INFO - Иконка окна и шрифт установлены
2025-06-18 12:05:14 - INFO - Python разрядность: ('32bit', 'WindowsPE')
2025-06-18 12:05:14 - INFO - Текущий путь к DLL: C:\Users\bymrw\PycharmProjects\Monitor\resources\drivers\GAS.dll
2025-06-18 12:05:14 - INFO - DLL существует: True
2025-06-18 12:05:14 - INFO - Открытие окна в полноэкранном режиме
2025-06-18 12:05:14 - INFO - Запуск главного цикла приложения
2025-06-18 12:05:26 - INFO - Логгирование инициализировано
2025-06-18 12:05:26 - INFO - Запуск приложения
2025-06-18 12:05:26 - INFO - Стиль QSS успешно применен
2025-06-18 12:05:26 - INFO - Инициализация главного окна
2025-06-18 12:05:26 - INFO - Настройка пользовательского интерфейса
2025-06-18 12:05:27 - INFO - Иконка окна и шрифт установлены
2025-06-18 12:05:27 - INFO - Python разрядность: ('32bit', 'WindowsPE')
2025-06-18 12:05:27 - INFO - Текущий путь к DLL: C:\Users\bymrw\PycharmProjects\Monitor\resources\drivers\GAS.dll
2025-06-18 12:05:27 - INFO - DLL существует: True
2025-06-18 12:05:27 - INFO - Открытие окна в полноэкранном режиме
2025-06-18 12:05:27 - INFO - Запуск главного цикла приложения
2025-06-18 12:05:50 - INFO - Логгирование инициализировано
2025-06-18 12:05:50 - INFO - Запуск приложения
2025-06-18 12:05:50 - INFO - Стиль QSS успешно применен
2025-06-18 12:05:50 - INFO - Инициализация главного окна
2025-06-18 12:05:50 - INFO - Настройка пользовательского интерфейса
2025-06-18 12:05:51 - INFO - Иконка окна и шрифт установлены
2025-06-18 12:05:51 - INFO - Python разрядность: ('32bit', 'WindowsPE')
2025-06-18 12:05:51 - INFO - Текущий путь к DLL: C:\Users\bymrw\PycharmProjects\Monitor\resources\drivers\GAS.dll
2025-06-18 12:05:52 - INFO - DLL существует: True
2025-06-18 12:05:52 - INFO - Открытие окна в полноэкранном режиме
2025-06-18 12:05:52 - INFO - Запуск главного цикла приложения
2025-06-18 12:06:28 - INFO - Логгирование инициализировано
2025-06-18 12:06:28 - INFO - Запуск приложения
2025-06-18 12:06:28 - INFO - Стиль QSS успешно применен
2025-06-18 12:06:28 - INFO - Инициализация главного окна
2025-06-18 12:06:28 - INFO - Настройка пользовательского интерфейса
2025-06-18 12:06:30 - INFO - Иконка окна и шрифт установлены
2025-06-18 12:06:30 - INFO - Python разрядность: ('32bit', 'WindowsPE')
2025-06-18 12:06:30 - INFO - Текущий путь к DLL: C:\Users\bymrw\PycharmProjects\Monitor\resources\drivers\GAS.dll
2025-06-18 12:06:30 - INFO - DLL существует: True
2025-06-18 12:06:30 - INFO - Открытие окна в полноэкранном режиме
2025-06-18 12:06:30 - INFO - Запуск главного цикла приложения
2025-06-18 12:07:01 - INFO - Логгирование инициализировано
2025-06-18 12:07:01 - INFO - Запуск приложения
2025-06-18 12:07:01 - INFO - Стиль QSS успешно применен
2025-06-18 12:07:01 - INFO - Инициализация главного окна
2025-06-18 12:07:01 - INFO - Настройка пользовательского интерфейса
2025-06-18 12:07:03 - INFO - Иконка окна и шрифт установлены
2025-06-18 12:07:03 - INFO - Python разрядность: ('32bit', 'WindowsPE')
2025-06-18 12:07:03 - INFO - Текущий путь к DLL: C:\Users\bymrw\PycharmProjects\Monitor\resources\drivers\GAS.dll
2025-06-18 12:07:03 - INFO - DLL существует: True
2025-06-18 12:07:03 - INFO - Открытие окна в полноэкранном режиме
2025-06-18 12:07:03 - INFO - Запуск главного цикла приложения
2025-06-18 12:07:35 - INFO - Логгирование инициализировано
2025-06-18 12:07:35 - INFO - Запуск приложения
2025-06-18 12:07:35 - INFO - Стиль QSS успешно применен
2025-06-18 12:07:35 - INFO - Инициализация главного окна
2025-06-18 12:07:35 - INFO - Настройка пользовательского интерфейса
2025-06-18 12:07:37 - INFO - Иконка окна и шрифт установлены
2025-06-18 12:07:37 - INFO - Python разрядность: ('32bit', 'WindowsPE')
2025-06-18 12:07:37 - INFO - Текущий путь к DLL: C:\Users\bymrw\PycharmProjects\Monitor\resources\drivers\GAS.dll
2025-06-18 12:07:37 - INFO - DLL существует: True
2025-06-18 12:07:37 - INFO - Открытие окна в полноэкранном режиме
2025-06-18 12:07:37 - INFO - Запуск главного цикла приложения
2025-06-18 12:08:19 - INFO - Логгирование инициализировано
2025-06-18 12:08:19 - INFO - Запуск приложения
2025-06-18 12:08:19 - INFO - Стиль QSS успешно применен
2025-06-18 12:08:19 - INFO - Инициализация главного окна
2025-06-18 12:08:19 - INFO - Настройка пользовательского интерфейса
2025-06-18 12:08:20 - INFO - Иконка окна и шрифт установлены
2025-06-18 12:08:20 - INFO - Python разрядность: ('32bit', 'WindowsPE')
2025-06-18 12:08:20 - INFO - Текущий путь к DLL: C:\Users\bymrw\PycharmProjects\Monitor\resources\drivers\GAS.dll
2025-06-18 12:08:20 - INFO - DLL существует: True
2025-06-18 12:08:20 - INFO - Открытие окна в полноэкранном режиме
2025-06-18 12:08:20 - INFO - Запуск главного цикла приложения
2025-06-18 12:08:47 - INFO - Логгирование инициализировано
2025-06-18 12:08:47 - INFO - Запуск приложения
2025-06-18 12:08:47 - INFO - Стиль QSS успешно применен
2025-06-18 12:08:47 - INFO - Инициализация главного окна
2025-06-18 12:08:47 - INFO - Настройка пользовательского интерфейса
2025-06-18 12:08:49 - INFO - Иконка окна и шрифт установлены
2025-06-18 12:08:49 - INFO - Python разрядность: ('32bit', 'WindowsPE')
2025-06-18 12:08:49 - INFO - Текущий путь к DLL: C:\Users\bymrw\PycharmProjects\Monitor\resources\drivers\GAS.dll
2025-06-18 12:08:49 - INFO - DLL существует: True
2025-06-18 12:08:49 - INFO - Открытие окна в полноэкранном режиме
2025-06-18 12:08:49 - INFO - Запуск главного цикла приложения
2025-06-18 12:09:07 - INFO - Логгирование инициализировано
2025-06-18 12:09:07 - INFO - Запуск приложения
2025-06-18 12:09:07 - INFO - Стиль QSS успешно применен
2025-06-18 12:09:07 - INFO - Инициализация главного окна
2025-06-18 12:09:07 - INFO - Настройка пользовательского интерфейса
2025-06-18 12:09:09 - INFO - Иконка окна и шрифт установлены
2025-06-18 12:09:09 - INFO - Python разрядность: ('32bit', 'WindowsPE')
2025-06-18 12:09:09 - INFO - Текущий путь к DLL: C:\Users\bymrw\PycharmProjects\Monitor\resources\drivers\GAS.dll
2025-06-18 12:09:09 - INFO - DLL существует: True
2025-06-18 12:09:09 - INFO - Открытие окна в полноэкранном режиме
2025-06-18 12:09:09 - INFO - Запуск главного цикла приложения
2025-06-18 12:09:31 - INFO - Логгирование инициализировано
2025-06-18 12:09:31 - INFO - Запуск приложения
2025-06-18 12:09:31 - INFO - Стиль QSS успешно применен
2025-06-18 12:09:31 - INFO - Инициализация главного окна
2025-06-18 12:09:31 - INFO - Настройка пользовательского интерфейса
2025-06-18 12:09:33 - INFO - Иконка окна и шрифт установлены
2025-06-18 12:09:33 - INFO - Python разрядность: ('32bit', 'WindowsPE')
2025-06-18 12:09:33 - INFO - Текущий путь к DLL: C:\Users\bymrw\PycharmProjects\Monitor\resources\drivers\GAS.dll
2025-06-18 12:09:33 - INFO - DLL существует: True
2025-06-18 12:09:33 - INFO - Открытие окна в полноэкранном режиме
2025-06-18 12:09:33 - INFO - Запуск главного цикла приложения
2025-06-18 12:11:17 - INFO - Логгирование инициализировано
2025-06-18 12:11:17 - INFO - Запуск приложения
2025-06-18 12:11:17 - INFO - Стиль QSS успешно применен
2025-06-18 12:11:17 - INFO - Инициализация главного окна
2025-06-18 12:11:17 - INFO - Настройка пользовательского интерфейса
2025-06-18 12:11:19 - INFO - Иконка окна и шрифт установлены
2025-06-18 12:11:19 - INFO - Python разрядность: ('32bit', 'WindowsPE')
2025-06-18 12:11:19 - INFO - Текущий путь к DLL: C:\Users\bymrw\PycharmProjects\Monitor\resources\drivers\GAS.dll
2025-06-18 12:11:19 - INFO - DLL существует: True
2025-06-18 12:11:19 - INFO - Открытие окна в полноэкранном режиме
2025-06-18 12:11:19 - INFO - Запуск главного цикла приложения
2025-06-18 12:12:08 - INFO - Логгирование инициализировано
2025-06-18 12:12:08 - INFO - Запуск приложения
2025-06-18 12:12:08 - INFO - Стиль QSS успешно применен
2025-06-18 12:12:08 - INFO - Инициализация главного окна
2025-06-18 12:12:08 - INFO - Настройка пользовательского интерфейса
2025-06-18 12:12:10 - INFO - Иконка окна и шрифт установлены
2025-06-18 12:12:10 - INFO - Python разрядность: ('32bit', 'WindowsPE')
2025-06-18 12:12:10 - INFO - Текущий путь к DLL: C:\Users\bymrw\PycharmProjects\Monitor\resources\drivers\GAS.dll
2025-06-18 12:12:10 - INFO - DLL существует: True
2025-06-18 12:12:10 - INFO - Открытие окна в полноэкранном режиме
2025-06-18 12:12:10 - INFO - Запуск главного цикла приложения
2025-06-18 12:12:24 - INFO - Логгирование инициализировано
2025-06-18 12:12:24 - INFO - Запуск приложения
2025-06-18 12:12:24 - INFO - Стиль QSS успешно применен
2025-06-18 12:12:24 - INFO - Инициализация главного окна
2025-06-18 12:12:24 - INFO - Настройка пользовательского интерфейса
2025-06-18 12:12:26 - INFO - Иконка окна и шрифт установлены
2025-06-18 12:12:26 - INFO - Python разрядность: ('32bit', 'WindowsPE')
2025-06-18 12:12:26 - INFO - Текущий путь к DLL: C:\Users\bymrw\PycharmProjects\Monitor\resources\drivers\GAS.dll
2025-06-18 12:12:26 - INFO - DLL существует: True
2025-06-18 12:12:26 - INFO - Открытие окна в полноэкранном режиме
2025-06-18 12:12:26 - INFO - Запуск главного цикла приложения
